D:\WORKSPACE\C++\EXAMPLE003\EXAMPLE003\DEBUG\MAIN.OBJ
D:\WORKSPACE\C++\EXAMPLE003\EXAMPLE003\DEBUG\VC110.PDB
E:\WORKING\C++\EXAMPLE\EXAMPLE003\EXAMPLE003\DEBUG\MAIN.OBJ
E:\WORKING\C++\EXAMPLE\EXAMPLE003\EXAMPLE003\DEBUG\VC110.PDB
D:\WORKSPACE\C++\EXAMPLE003\DEBUG\EXAMPLE003.ILK
D:\WORKSPACE\C++\EXAMPLE003\DEBUG\EXAMPLE003.EXE
D:\WORKSPACE\C++\EXAMPLE003\DEBUG\EXAMPLE003.PDB
E:\WORKING\C++\EXAMPLE\MAIN\DEBUG\EXAMPLE003.ILK
E:\WORKING\C++\EXAMPLE\MAIN\DEBUG\EXAMPLE003.EXE
E:\WORKING\C++\EXAMPLE\MAIN\DEBUG\EXAMPLE003.PDB
E:\working\c++\example\example003\example003\Debug\main.obj
E:\working\c++\example\example003\example003\Debug\cl.command.1.tlog
E:\working\c++\example\example003\example003\Debug\CL.read.1.tlog
E:\working\c++\example\example003\example003\Debug\CL.write.1.tlog
E:\working\c++\example\example003\example003\Debug\link-cvtres.read.1.tlog
E:\working\c++\example\example003\example003\Debug\link-cvtres.write.1.tlog
E:\working\c++\example\example003\example003\Debug\link-rc.read.1.tlog
E:\working\c++\example\example003\example003\Debug\link-rc.write.1.tlog
E:\working\c++\example\example003\example003\Debug\link.command.1.tlog
E:\working\c++\example\example003\example003\Debug\link.read.1.tlog
E:\working\c++\example\example003\example003\Debug\link.write.1.tlog
E:\working\c++\example\example003\example003\Debug\vc110.idb
E:\working\c++\example\example003\example003\Debug\vc110.pdb
E:\working\c++\example\main\Debug\example003.pdb
E:\working\c++\example\main\Debug\example003.exe
E:\working\c++\example\main\Debug\example003.ilk
