E:\WORKING\C++\EXAMPLE\LINKDATA\DEBUG\MAIN.OBJ
E:\WORKING\C++\EXAMPLE\LINKDATA\DEBUG\UTILS.OBJ
E:\WORKING\C++\EXAMPLE\LINKDATA\DEBUG\VC110.PDB
E:\WORKING\C++\EXAMPLE\MAIN\DEBUG\LINKDATA.ILK
E:\WORKING\C++\EXAMPLE\MAIN\DEBUG\LINKDATA.EXE
E:\WORKING\C++\EXAMPLE\MAIN\DEBUG\LINKDATA.PDB
E:\working\c++\example\linkData\Debug\Main.obj
E:\working\c++\example\linkData\Debug\utils.obj
E:\working\c++\example\linkData\Debug\cl.command.1.tlog
E:\working\c++\example\linkData\Debug\CL.read.1.tlog
E:\working\c++\example\linkData\Debug\CL.write.1.tlog
E:\working\c++\example\linkData\Debug\link-cvtres.read.1.tlog
E:\working\c++\example\linkData\Debug\link-cvtres.write.1.tlog
E:\working\c++\example\linkData\Debug\link-rc.read.1.tlog
E:\working\c++\example\linkData\Debug\link-rc.write.1.tlog
E:\working\c++\example\linkData\Debug\link.command.1.tlog
E:\working\c++\example\linkData\Debug\link.read.1.tlog
E:\working\c++\example\linkData\Debug\link.write.1.tlog
E:\working\c++\example\linkData\Debug\vc110.idb
E:\working\c++\example\linkData\Debug\vc110.pdb
E:\working\c++\example\main\Debug\linkData.pdb
E:\working\c++\example\main\Debug\linkData.exe
E:\working\c++\example\main\Debug\linkData.ilk
