D:\WORKSPACE\C++\EXAMPLE001\EXAMPLE001\DEBUG\MAIN.OBJ
D:\WORKSPACE\C++\EXAMPLE001\EXAMPLE001\DEBUG\VC110.PDB
E:\WORKING\C++\EXAMPLE\EXAMPLE001\EXAMPLE001\DEBUG\MAIN.OBJ
E:\WORKING\C++\EXAMPLE\EXAMPLE001\EXAMPLE001\DEBUG\VC110.PDB
D:\WORKSPACE\C++\EXAMPLE001\DEBUG\EXAMPLE001.ILK
D:\WORKSPACE\C++\EXAMPLE001\DEBUG\EXAMPLE001.EXE
D:\WORKSPACE\C++\EXAMPLE001\DEBUG\EXAMPLE001.PDB
E:\WORKING\C++\EXAMPLE\MAIN\DEBUG\EXAMPLE001.ILK
E:\WORKING\C++\EXAMPLE\MAIN\DEBUG\EXAMPLE001.EXE
E:\WORKING\C++\EXAMPLE\MAIN\DEBUG\EXAMPLE001.PDB
E:\working\c++\example\example001\example001\Debug\main.obj
E:\working\c++\example\example001\example001\Debug\cl.command.1.tlog
E:\working\c++\example\example001\example001\Debug\CL.read.1.tlog
E:\working\c++\example\example001\example001\Debug\CL.write.1.tlog
E:\working\c++\example\example001\example001\Debug\link-cvtres.read.1.tlog
E:\working\c++\example\example001\example001\Debug\link-cvtres.write.1.tlog
E:\working\c++\example\example001\example001\Debug\link-rc.read.1.tlog
E:\working\c++\example\example001\example001\Debug\link-rc.write.1.tlog
E:\working\c++\example\example001\example001\Debug\link.command.1.tlog
E:\working\c++\example\example001\example001\Debug\link.read.1.tlog
E:\working\c++\example\example001\example001\Debug\link.write.1.tlog
E:\working\c++\example\example001\example001\Debug\vc110.idb
E:\working\c++\example\example001\example001\Debug\vc110.pdb
E:\working\c++\example\main\Debug\example001.pdb
E:\working\c++\example\main\Debug\example001.exe
E:\working\c++\example\main\Debug\example001.ilk
