D:\WORKSPACE\C++\EXAMPLE002\EXAMPLE002\DEBUG\MAIN.OBJ
D:\WORKSPACE\C++\EXAMPLE002\EXAMPLE002\DEBUG\VC110.PDB
E:\WORKING\C++\EXAMPLE\EXAMPLE002\EXAMPLE002\DEBUG\MAIN.OBJ
E:\WORKING\C++\EXAMPLE\EXAMPLE002\EXAMPLE002\DEBUG\VC110.PDB
D:\WORKSPACE\C++\EXAMPLE002\DEBUG\EXAMPLE002.ILK
D:\WORKSPACE\C++\EXAMPLE002\DEBUG\EXAMPLE002.EXE
D:\WORKSPACE\C++\EXAMPLE002\DEBUG\EXAMPLE002.PDB
E:\WORKING\C++\EXAMPLE\MAIN\DEBUG\EXAMPLE002.ILK
E:\WORKING\C++\EXAMPLE\MAIN\DEBUG\EXAMPLE002.EXE
E:\WORKING\C++\EXAMPLE\MAIN\DEBUG\EXAMPLE002.PDB
E:\working\c++\example\example002\example002\Debug\main.obj
E:\working\c++\example\example002\example002\Debug\cl.command.1.tlog
E:\working\c++\example\example002\example002\Debug\CL.read.1.tlog
E:\working\c++\example\example002\example002\Debug\CL.write.1.tlog
E:\working\c++\example\example002\example002\Debug\link-cvtres.read.1.tlog
E:\working\c++\example\example002\example002\Debug\link-cvtres.write.1.tlog
E:\working\c++\example\example002\example002\Debug\link-rc.read.1.tlog
E:\working\c++\example\example002\example002\Debug\link-rc.write.1.tlog
E:\working\c++\example\example002\example002\Debug\link.command.1.tlog
E:\working\c++\example\example002\example002\Debug\link.read.1.tlog
E:\working\c++\example\example002\example002\Debug\link.write.1.tlog
E:\working\c++\example\example002\example002\Debug\vc110.idb
E:\working\c++\example\example002\example002\Debug\vc110.pdb
E:\working\c++\example\main\Debug\example002.pdb
E:\working\c++\example\main\Debug\example002.exe
E:\working\c++\example\main\Debug\example002.ilk
